<APIProxy name="test-etst-v1">
  <Basepaths>/idad/saltremediation/system</Basepaths>
</APIProxy>
